TN:
SF:src/BarGraph.ts
FN:9,BarGraph
FN:31,get
FN:34,set
FN:55,slice
FNF:4
FNH:1
FNDA:1,BarGraph
FNDA:0,get
FNDA:0,set
FNDA:0,slice
DA:1,1
DA:2,1
DA:3,1
DA:4,1
DA:5,1
DA:6,1
DA:7,1
DA:8,1
DA:9,1
DA:10,1
DA:11,1
DA:12,1
DA:13,1
DA:14,1
DA:15,0
DA:16,1
DA:17,0
DA:18,0
DA:19,1
DA:20,1
DA:21,1
DA:22,1
DA:23,1
DA:24,1
DA:25,1
DA:26,1
DA:27,1
DA:28,1
DA:29,1
DA:30,20
DA:31,20
DA:32,0
DA:33,20
DA:34,20
DA:35,0
DA:36,0
DA:37,0
DA:38,0
DA:39,0
DA:40,0
DA:41,0
DA:42,0
DA:43,0
DA:44,0
DA:45,0
DA:46,0
DA:47,0
DA:48,0
DA:49,20
DA:50,20
DA:51,20
DA:52,20
DA:53,20
DA:54,1
DA:55,1
DA:56,0
DA:57,0
DA:58,1
LF:58
LH:38
BRDA:9,0,0,1
BRDA:14,1,0,0
BRDA:16,2,0,0
BRDA:29,3,0,20
BRF:4
BRH:2
end_of_record
TN:
SF:src/shuffle/common.ts
FN:1,shufflePart
FN:12,partition
FN:36,sort
FN:51,isSorted
FN:65,swap
FN:74,reverse
FNF:6
FNH:5
FNDA:0,shufflePart
FNDA:252,partition
FNDA:536,sort
FNDA:44,isSorted
FNDA:11,swap
FNDA:2,reverse
DA:1,1
DA:2,0
DA:3,0
DA:4,0
DA:5,0
DA:6,0
DA:7,0
DA:8,0
DA:9,0
DA:10,0
DA:11,1
DA:12,1
DA:13,252
DA:14,252
DA:15,252
DA:16,252
DA:17,252
DA:18,252
DA:19,252
DA:20,252
DA:21,252
DA:22,252
DA:23,1352
DA:24,532
DA:25,532
DA:26,532
DA:27,1352
DA:28,252
DA:29,252
DA:30,252
DA:31,252
DA:32,1
DA:33,1
DA:34,1
DA:35,1
DA:36,1
DA:37,536
DA:38,536
DA:39,536
DA:40,536
DA:41,536
DA:42,536
DA:43,252
DA:44,252
DA:45,252
DA:46,252
DA:47,1
DA:48,1
DA:49,1
DA:50,1
DA:51,1
DA:52,44
DA:53,44
DA:54,44
DA:55,44
DA:56,288
DA:57,44
DA:58,44
DA:59,44
DA:60,44
DA:61,1
DA:62,1
DA:63,1
DA:64,1
DA:65,1
DA:66,11
DA:67,11
DA:68,11
DA:69,11
DA:70,1
DA:71,1
DA:72,1
DA:73,1
DA:74,1
DA:75,2
DA:76,2
DA:77,2
DA:78,2
DA:79,2
DA:80,7
DA:81,7
DA:82,2
LF:82
LH:73
BRDA:12,0,0,252
BRDA:22,1,0,1352
BRDA:23,2,0,938
BRDA:23,3,0,414
BRDA:23,4,0,532
BRDA:36,5,0,536
BRDA:42,6,0,284
BRDA:43,7,0,252
BRDA:51,8,0,44
BRDA:55,9,0,288
BRDA:56,10,0,244
BRDA:57,11,0,150
BRDA:57,12,0,94
BRDA:65,13,0,11
BRDA:74,14,0,2
BRDA:79,15,0,7
BRF:16
BRH:16
end_of_record
TN:
SF:src/shuffle/generate.ts
FN:30,height
FN:119,generate
FN:125,toPureArrays
FN:128,newArray
FNF:4
FNH:4
FNDA:100,height
FNDA:5,generate
FNDA:1,toPureArrays
FNDA:1,newArray
DA:1,1
DA:2,1
DA:3,1
DA:4,1
DA:5,1
DA:6,1
DA:7,1
DA:8,1
DA:9,1
DA:10,1
DA:11,1
DA:12,1
DA:13,1
DA:14,1
DA:15,1
DA:16,1
DA:17,1
DA:18,1
DA:19,1
DA:20,1
DA:21,1
DA:22,1
DA:23,1
DA:24,1
DA:25,1
DA:26,1
DA:27,1
DA:28,1
DA:29,1
DA:30,100
DA:31,100
DA:32,100
DA:33,100
DA:34,100
DA:35,100
DA:36,100
DA:37,40
DA:38,40
DA:39,100
DA:40,20
DA:41,20
DA:42,20
DA:43,20
DA:44,100
DA:45,0
DA:46,0
DA:47,100
DA:48,0
DA:49,0
DA:50,100
DA:51,0
DA:52,0
DA:53,100
DA:54,0
DA:55,0
DA:56,100
DA:57,0
DA:58,0
DA:59,100
DA:60,0
DA:61,0
DA:62,100
DA:63,0
DA:64,0
DA:65,100
DA:66,0
DA:67,0
DA:68,100
DA:69,0
DA:70,0
DA:71,100
DA:72,0
DA:73,0
DA:74,100
DA:75,0
DA:76,0
DA:77,100
DA:78,0
DA:79,0
DA:80,0
DA:81,0
DA:82,0
DA:83,100
DA:84,0
DA:85,0
DA:86,0
DA:87,0
DA:88,0
DA:89,0
DA:90,100
DA:91,0
DA:92,0
DA:93,0
DA:94,0
DA:95,0
DA:96,0
DA:97,100
DA:98,0
DA:99,0
DA:100,0
DA:101,0
DA:102,0
DA:103,0
DA:104,100
DA:105,0
DA:106,100
DA:107,20
DA:108,20
DA:109,100
DA:110,20
DA:111,20
DA:112,100
DA:113,0
DA:114,100
DA:115,100
DA:116,100
DA:117,100
DA:118,1
DA:119,1
DA:120,5
DA:121,5
DA:122,5
DA:123,5
DA:124,1
DA:125,1
DA:126,1
DA:127,1
DA:128,1
DA:129,1
DA:130,1
DA:131,1
DA:132,1
DA:133,1
DA:134,1
DA:135,1
LF:135
LH:88
BRDA:7,0,0,1
BRDA:30,1,0,100
BRDA:36,2,0,40
BRDA:39,3,0,20
BRDA:44,4,0,0
BRDA:47,5,0,0
BRDA:50,6,0,0
BRDA:53,7,0,0
BRDA:56,8,0,0
BRDA:59,9,0,0
BRDA:62,10,0,0
BRDA:65,11,0,0
BRDA:68,12,0,0
BRDA:71,13,0,0
BRDA:74,14,0,0
BRDA:77,15,0,0
BRDA:83,16,0,0
BRDA:90,17,0,0
BRDA:97,18,0,0
BRDA:104,19,0,0
BRDA:106,20,0,20
BRDA:107,21,0,1
BRDA:107,22,0,19
BRDA:107,23,0,1
BRDA:107,24,0,18
BRDA:109,25,0,20
BRDA:112,26,0,0
BRDA:116,27,0,0
BRDA:119,28,0,5
BRDA:120,29,0,100
BRDA:125,30,0,1
BRDA:126,31,0,1
BRDA:128,32,0,1
BRF:33
BRH:15
end_of_record
TN:
SF:src/shuffle/shuffle.ts
FN:5,divideSegments
FN:19,shuffle
FNF:2
FNH:2
FNDA:16,divideSegments
FNDA:24,shuffle
DA:1,1
DA:2,1
DA:3,1
DA:4,1
DA:5,1
DA:6,16
DA:7,16
DA:8,16
DA:9,24
DA:10,224
DA:11,224
DA:12,24
DA:13,16
DA:14,16
DA:15,224
DA:16,224
DA:17,16
DA:18,1
DA:19,1
DA:20,24
DA:21,24
DA:22,24
DA:23,24
DA:24,24
DA:25,24
DA:26,24
DA:27,24
DA:28,24
DA:29,24
DA:30,0
DA:31,24
DA:32,4
DA:33,4
DA:34,4
DA:35,4
DA:36,24
DA:37,4
DA:38,4
DA:39,4
DA:40,4
DA:41,24
DA:42,4
DA:43,4
DA:44,4
DA:45,24
DA:46,24
DA:47,4
DA:48,4
DA:49,4
DA:50,4
DA:51,4
DA:52,24
DA:53,4
DA:54,4
DA:55,4
DA:56,24
DA:57,24
DA:58,4
DA:59,4
DA:60,4
DA:61,4
DA:62,4
DA:63,24
DA:64,0
DA:65,0
DA:66,0
DA:67,0
DA:68,0
DA:69,0
DA:70,24
DA:71,0
DA:72,0
DA:73,0
DA:74,0
DA:75,0
DA:76,0
DA:77,0
DA:78,0
DA:79,0
DA:80,0
DA:81,0
DA:82,0
DA:83,24
DA:84,4
DA:85,4
DA:86,4
DA:87,4
DA:88,4
DA:89,4
DA:90,4
DA:91,4
DA:92,4
DA:93,4
DA:94,4
DA:95,4
DA:96,4
DA:97,4
DA:98,24
DA:99,24
DA:100,24
DA:101,24
DA:102,24
DA:103,24
DA:104,24
DA:105,4
DA:106,4
DA:107,4
DA:108,4
DA:109,4
DA:110,56
DA:111,32
DA:112,32
DA:113,32
DA:114,56
DA:115,56
DA:116,24
DA:117,24
DA:118,56
DA:119,4
DA:120,4
DA:121,24
DA:122,4
DA:123,4
DA:124,4
DA:125,4
DA:126,4
DA:127,4
DA:128,4
DA:129,4
DA:130,4
DA:131,4
DA:132,4
DA:133,4
DA:134,4
DA:135,4
DA:136,24
DA:137,24
DA:138,24
DA:139,24
DA:140,24
DA:141,24
DA:142,24
DA:143,4
DA:144,4
DA:145,4
DA:146,4
DA:147,4
DA:148,56
DA:149,32
DA:150,32
DA:151,32
DA:152,56
DA:153,56
DA:154,24
DA:155,24
DA:156,56
DA:157,4
DA:158,4
DA:159,24
DA:160,0
DA:161,24
DA:162,24
DA:163,24
DA:164,24
LF:164
LH:144
BRDA:5,0,0,16
BRDA:8,1,0,24
BRDA:9,2,0,224
BRDA:14,3,0,224
BRDA:19,4,0,24
BRDA:29,5,0,0
BRDA:31,6,0,4
BRDA:36,7,0,4
BRDA:41,8,0,4
BRDA:44,9,0,24
BRDA:52,10,0,4
BRDA:55,11,0,24
BRDA:63,12,0,0
BRDA:70,13,0,0
BRDA:83,14,0,4
BRDA:87,15,0,2
BRDA:88,16,0,2
BRDA:97,17,0,24
BRDA:109,18,0,56
BRDA:110,19,0,32
BRDA:115,20,0,24
BRDA:121,21,0,4
BRDA:125,22,0,2
BRDA:126,23,0,2
BRDA:135,24,0,24
BRDA:147,25,0,56
BRDA:148,26,0,32
BRDA:153,27,0,24
BRDA:159,28,0,0
BRDA:106,29,0,44
BRDA:144,30,0,40
BRF:31
BRH:27
end_of_record
TN:
SF:src/types/option.ts
FNF:0
FNH:0
DA:1,1
DA:2,1
DA:3,1
DA:4,1
DA:5,1
DA:6,1
DA:7,1
DA:8,1
DA:9,1
DA:10,1
DA:11,1
DA:12,1
DA:13,1
DA:14,1
DA:15,1
DA:16,1
DA:17,1
DA:18,1
DA:19,1
DA:20,1
DA:21,1
DA:22,1
DA:23,1
DA:24,1
DA:25,1
DA:26,1
DA:27,1
DA:28,1
DA:29,1
DA:30,1
DA:31,1
DA:32,1
DA:33,1
DA:34,1
DA:35,1
DA:36,1
DA:37,1
DA:38,1
DA:39,1
DA:40,1
DA:41,1
DA:42,1
DA:43,1
DA:44,1
DA:45,1
DA:46,1
DA:47,1
DA:48,1
DA:49,1
DA:50,1
DA:51,1
DA:52,1
DA:53,1
DA:54,1
DA:55,1
DA:56,1
DA:57,1
DA:58,1
DA:59,1
LF:59
LH:59
BRDA:3,0,0,1
BRF:1
BRH:1
end_of_record
TN:
SF:src/types/shuffle.ts
FNF:0
FNH:0
DA:1,1
DA:2,1
DA:3,1
DA:4,1
DA:5,1
DA:6,1
DA:7,1
DA:8,1
DA:9,1
DA:10,1
DA:11,1
LF:11
LH:11
BRDA:1,0,0,1
BRF:1
BRH:1
end_of_record
TN:
SF:src/types/step.ts
FNF:0
FNH:0
DA:1,1
DA:2,1
DA:3,1
DA:4,1
DA:5,1
DA:6,1
DA:7,1
DA:8,1
DA:9,1
DA:10,1
DA:11,1
DA:12,1
DA:13,1
DA:14,1
DA:15,1
DA:16,1
DA:17,1
DA:18,1
DA:19,1
DA:20,1
DA:21,1
DA:22,1
DA:23,1
DA:24,1
DA:25,1
DA:26,1
DA:27,1
DA:28,1
DA:29,1
DA:30,1
DA:31,1
DA:32,1
DA:33,1
DA:34,1
DA:35,1
DA:36,1
DA:37,1
DA:38,1
DA:39,1
DA:40,1
DA:41,1
DA:42,1
DA:43,1
DA:44,1
DA:45,1
DA:46,1
DA:47,1
DA:48,1
DA:49,1
DA:50,1
DA:51,1
DA:52,1
DA:53,1
DA:54,1
DA:55,1
DA:56,1
DA:57,1
DA:58,1
DA:59,1
DA:60,1
DA:61,1
DA:62,1
DA:63,1
DA:64,1
DA:65,1
DA:66,1
DA:67,1
DA:68,1
DA:69,1
DA:70,1
DA:71,1
DA:72,1
DA:73,1
DA:74,1
DA:75,1
DA:76,1
DA:77,1
DA:78,1
DA:79,1
DA:80,1
DA:81,1
DA:82,1
DA:83,1
LF:83
LH:83
BRDA:1,0,0,1
BRDA:40,1,0,1
BRF:2
BRH:2
end_of_record
